This is XeTeX, Version 3.1415926-2.3-0.9997.5 (MiKTeX 2.9) (preloaded format=xelatex 2017.2.18)  27 FEB 2017 19:37
entering extended mode
**resume_cv.tex
(C:\Users\freehyan\Desktop\resume\NEW\resume_cv.tex
LaTeX2e <2011/06/27>
Babel <v3.8m> and hyphenation patterns for loaded.
(C:\Users\freehyan\Desktop\resume\NEW\awesome-cv.cls
Document Class: awesome-cv 2015/12/14 v1.3 Awesome Curriculum Vitae Class
(E:\CTEX\MiKTeX\tex\latex\base\article.cls
Document Class: article 2007/10/19 v1.4h Standard LaTeX document class
(E:\CTEX\MiKTeX\tex\latex\base\size11.clo
File: size11.clo 2007/10/19 v1.4h Standard LaTeX file (size option)
Requested font "cmr10" at 10.95pt
 -> cmr10
)
\c@part=\count80
\c@section=\count81
\c@subsection=\count82
\c@subsubsection=\count83
\c@paragraph=\count84
\c@subparagraph=\count85
\c@figure=\count86
\c@table=\count87
\abovecaptionskip=\skip41
\belowcaptionskip=\skip42
\bibindent=\dimen102
)
(E:\CTEX\MiKTeX\tex\latex\tools\array.sty
Package: array 2008/09/09 v2.4c Tabular extension package (FMi)
\col@sep=\dimen103
\extrarowheight=\dimen104
\NC@list=\toks14
\extratabsurround=\skip43
\backup@length=\skip44
)
(E:\CTEX\MiKTeX\tex\latex\enumitem\enumitem.sty
Package: enumitem 2011/09/28 v3.5.2 Customized lists
\enitkv@toks@=\toks15
\labelindent=\skip45
\enit@outerparindent=\dimen105
\enit@toks=\toks16
\enit@inbox=\box26
\enitdp@description=\count88
)
(E:\CTEX\MiKTeX\tex\latex\ms\ragged2e.sty
Package: ragged2e 2009/05/21 v2.1 ragged2e Package (MS)

(E:\CTEX\MiKTeX\tex\latex\ms\everysel.sty
Package: everysel 2011/10/28 v1.2 EverySelectfont Package (MS)
)
\CenteringLeftskip=\skip46
\RaggedLeftLeftskip=\skip47
\RaggedRightLeftskip=\skip48
\CenteringRightskip=\skip49
\RaggedLeftRightskip=\skip50
\RaggedRightRightskip=\skip51
\CenteringParfillskip=\skip52
\RaggedLeftParfillskip=\skip53
\RaggedRightParfillskip=\skip54
\JustifyingParfillskip=\skip55
\CenteringParindent=\skip56
\RaggedLeftParindent=\skip57
\RaggedRightParindent=\skip58
\JustifyingParindent=\skip59
)
(E:\CTEX\MiKTeX\tex\latex\geometry\geometry.sty
Package: geometry 2010/09/12 v5.6 Page Geometry

(E:\CTEX\MiKTeX\tex\latex\graphics\keyval.sty
Package: keyval 1999/03/16 v1.13 key=value parser (DPC)
\KV@toks@=\toks17
)
(E:\CTEX\MiKTeX\tex\generic\oberdiek\ifpdf.sty
Package: ifpdf 2011/01/30 v2.3 Provides the ifpdf switch (HO)
Package ifpdf Info: pdfTeX in PDF mode is not detected.
)
(E:\CTEX\MiKTeX\tex\generic\oberdiek\ifvtex.sty
Package: ifvtex 2010/03/01 v1.5 Switches for detecting VTeX and its modes (HO)
Package ifvtex Info: VTeX not detected.
)
(E:\CTEX\MiKTeX\tex\generic\ifxetex\ifxetex.sty
Package: ifxetex 2010/09/12 v0.6 Provides ifxetex conditional
)
\Gm@cnth=\count89
\Gm@cntv=\count90
\c@Gm@tempcnt=\count91
\Gm@bindingoffset=\dimen106
\Gm@wd@mp=\dimen107
\Gm@odd@mp=\dimen108
\Gm@even@mp=\dimen109
\Gm@layoutwidth=\dimen110
\Gm@layoutheight=\dimen111
\Gm@layouthoffset=\dimen112
\Gm@layoutvoffset=\dimen113
\Gm@dimlist=\toks18

(E:\CTEX\MiKTeX\tex\xelatex\xetexconfig\geometry.cfg))
(E:\CTEX\MiKTeX\tex\latex\fancyhdr\fancyhdr.sty
\fancy@headwidth=\skip60
\f@ncyO@elh=\skip61
\f@ncyO@erh=\skip62
\f@ncyO@olh=\skip63
\f@ncyO@orh=\skip64
\f@ncyO@elf=\skip65
\f@ncyO@erf=\skip66
\f@ncyO@olf=\skip67
\f@ncyO@orf=\skip68
)
(E:\CTEX\MiKTeX\tex\latex\xcolor\xcolor.sty
Package: xcolor 2007/01/21 v2.11 LaTeX color extensions (UK)

(E:\CTEX\MiKTeX\tex\latex\00miktex\color.cfg
File: color.cfg 2007/01/18 v1.5 color configuration of teTeX/TeXLive
)
Package xcolor Info: Driver file: xetex.def on input line 225.

(E:\CTEX\MiKTeX\tex\xelatex\xetex-def\xetex.def
File: xetex.def 2009/11/22 v0.94 LaTeX color/graphics driver for XeTeX (RRM/JK)

)
Package xcolor Info: Model `cmy' substituted by `cmy0' on input line 1337.
Package xcolor Info: Model `RGB' extended on input line 1353.
Package xcolor Info: Model `HTML' substituted by `rgb' on input line 1355.
Package xcolor Info: Model `Hsb' substituted by `hsb' on input line 1356.
Package xcolor Info: Model `tHsb' substituted by `hsb' on input line 1357.
Package xcolor Info: Model `HSB' substituted by `hsb' on input line 1358.
Package xcolor Info: Model `Gray' substituted by `gray' on input line 1359.
Package xcolor Info: Model `wave' substituted by `hsb' on input line 1360.
)
(E:\CTEX\MiKTeX\tex\latex\xifthen\xifthen.sty
Package: xifthen 2009/04/17 v1.3 Extended ifthen features

(E:\CTEX\MiKTeX\tex\latex\misc\etex.sty
Package: etex 1998/03/26 v2.0 eTeX basic definition package (PEB)
\et@xins=\count92
)
(E:\CTEX\MiKTeX\tex\latex\tools\calc.sty
Package: calc 2007/08/22 v4.3 Infix arithmetic (KKT,FJ)
\calc@Acount=\count93
\calc@Bcount=\count94
\calc@Adimen=\dimen114
\calc@Bdimen=\dimen115
\calc@Askip=\skip69
\calc@Bskip=\skip70
LaTeX Info: Redefining \setlength on input line 76.
LaTeX Info: Redefining \addtolength on input line 77.
\calc@Ccount=\count95
\calc@Cskip=\skip71
)
(E:\CTEX\MiKTeX\tex\latex\base\ifthen.sty
Package: ifthen 2001/05/26 v1.1c Standard LaTeX ifthen package (DPC)
)
(E:\CTEX\MiKTeX\tex\latex\ifmtarg\ifmtarg.sty
Package: ifmtarg 2009/09/02 v1.2a check for an empty argument
))
(E:\CTEX\MiKTeX\tex\latex\etoolbox\etoolbox.sty
Package: etoolbox 2011/01/03 v2.1 e-TeX tools for LaTeX
\etb@tempcnta=\count96
)
(E:\CTEX\MiKTeX\tex\latex\setspace\setspace.sty
Package: setspace 2011/12/19 v6.7a set line spacing
)
(E:\CTEX\MiKTeX\tex\latex\fontspec\fontspec.sty
Package: fontspec 2011/09/18 v2.2a Advanced font selection for XeLaTeX/LuaLaTeX


(E:\CTEX\MiKTeX\tex\latex\l3kernel\expl3.sty
(E:\CTEX\MiKTeX\tex\latex\l3kernel\l3names.sty
(E:\CTEX\MiKTeX\tex\latex\l3kernel\l3bootstrap.sty
Package: l3bootstrap 2011/12/29 v3110 L3 Experimental bootstrap code
)
Package: l3names 2011/12/30 v3113 L3 Experimental namespace for primitives
)
Package: expl3 2012/02/26 v3471 L3 Experimental code bundle wrapper

(E:\CTEX\MiKTeX\tex\latex\graphics\graphics.sty
Package: graphics 2009/02/05 v1.0o Standard LaTeX Graphics (DPC,SPQR)

(E:\CTEX\MiKTeX\tex\latex\graphics\trig.sty
Package: trig 1999/03/16 v1.09 sin cos tan (DPC)
)
(E:\CTEX\MiKTeX\tex\latex\00miktex\graphics.cfg
File: graphics.cfg 2007/01/18 v1.5 graphics configuration of teTeX/TeXLive
)
Package graphics Info: Driver file: xetex.def on input line 91.
)
(E:\CTEX\MiKTeX\tex\latex\l3kernel\l3basics.sty
Package: l3basics 2012/02/26 v3460 L3 Experimental basic definitions
)
(E:\CTEX\MiKTeX\tex\latex\l3kernel\l3expan.sty
Package: l3expan 2012/02/26 v3460 L3 Experimental argument expansion
)
(E:\CTEX\MiKTeX\tex\latex\l3kernel\l3tl.sty
Package: l3tl 2012/02/26 v3460 L3 Experimental token lists
)
(E:\CTEX\MiKTeX\tex\latex\l3kernel\l3seq.sty
Package: l3seq 2012/01/09 v3158 L3 Experimental sequences and stacks
)
(E:\CTEX\MiKTeX\tex\latex\l3kernel\l3int.sty
Package: l3int 2012/02/26 v3460 L3 Experimental integers
\c_max_int=\count97
\l_tmpa_int=\count98
\l_tmpb_int=\count99
\l_tmpc_int=\count100
\g_tmpa_int=\count101
\g_tmpb_int=\count102
)
(E:\CTEX\MiKTeX\tex\latex\l3kernel\l3quark.sty
Package: l3quark 2012/02/12 v3384 L3 Experimental quarks
)
(E:\CTEX\MiKTeX\tex\latex\l3kernel\l3prg.sty
Package: l3prg 2012/02/26 v3464 L3 Experimental control structures
\g_prg_map_int=\count103
)
(E:\CTEX\MiKTeX\tex\latex\l3kernel\l3clist.sty
Package: l3clist 2012/02/26 v3460 L3 Experimental comma separated lists
)
(E:\CTEX\MiKTeX\tex\latex\l3kernel\l3token.sty
Package: l3token 2012/02/26 v3460 L3 Experimental token manipulation
)
(E:\CTEX\MiKTeX\tex\latex\l3kernel\l3prop.sty
Package: l3prop 2012/02/26 v3460 L3 Experimental property lists
)
(E:\CTEX\MiKTeX\tex\latex\l3kernel\l3msg.sty
Package: l3msg 2012/02/26 v3470 L3 Experimental messages
)
(E:\CTEX\MiKTeX\tex\latex\l3kernel\l3file.sty
Package: l3file 2012/02/26 v3464 L3 Experimental file and I/O operations
\l_iow_stream_int=\count104
\l_iow_line_length_int=\count105
\l_iow_target_length_int=\count106
\l_iow_current_line_int=\count107
\l_iow_current_word_int=\count108
\l_iow_current_indentation_int=\count109
)
(E:\CTEX\MiKTeX\tex\latex\l3kernel\l3skip.sty
Package: l3skip 2012/02/26 v3460 L3 Experimental dimensions and skips
\l_tmpa_dim=\dimen116
\l_tmpb_dim=\dimen117
\l_tmpc_dim=\dimen118
\g_tmpa_dim=\dimen119
\g_tmpb_dim=\dimen120
\l_tmpa_skip=\skip72
\l_tmpb_skip=\skip73
\l_tmpc_skip=\skip74
\g_tmpa_skip=\skip75
\g_tmpb_skip=\skip76
)
(E:\CTEX\MiKTeX\tex\latex\l3kernel\l3keys.sty
Package: l3keys 2011/12/22 v3086 L3 Experimental key-value interfaces
\g_keyval_level_int=\count110
\l_keys_choice_int=\count111
)
(E:\CTEX\MiKTeX\tex\latex\l3kernel\l3fp.sty
Package: l3fp 2012/02/06 v3315 L3 Experimental floating-point operations
\c_one_hundred_million=\count112
\c_five_hundred_million=\count113
\c_one_thousand_million=\count114
\c_fp_pi_by_four_decimal_int=\count115
\c_fp_pi_by_four_extended_int=\count116
\c_fp_pi_decimal_int=\count117
\c_fp_pi_extended_int=\count118
\c_fp_two_pi_decimal_int=\count119
\c_fp_two_pi_extended_int=\count120
\l_fp_count_int=\count121
\l_fp_div_offset_int=\count122
\l_fp_exp_integer_int=\count123
\l_fp_exp_decimal_int=\count124
\l_fp_exp_extended_int=\count125
\l_fp_exp_exponent_int=\count126
\l_fp_input_a_sign_int=\count127
\l_fp_input_a_integer_int=\count128
\l_fp_input_a_decimal_int=\count129
\l_fp_input_a_exponent_int=\count130
\l_fp_input_b_sign_int=\count131
\l_fp_input_b_integer_int=\count132
\l_fp_input_b_decimal_int=\count133
\l_fp_input_b_exponent_int=\count134
\l_fp_input_a_extended_int=\count135
\l_fp_input_b_extended_int=\count136
\l_fp_mul_a_i_int=\count137
\l_fp_mul_a_ii_int=\count138
\l_fp_mul_a_iii_int=\count139
\l_fp_mul_a_iv_int=\count140
\l_fp_mul_a_v_int=\count141
\l_fp_mul_a_vi_int=\count142
\l_fp_mul_b_i_int=\count143
\l_fp_mul_b_ii_int=\count144
\l_fp_mul_b_iii_int=\count145
\l_fp_mul_b_iv_int=\count146
\l_fp_mul_b_v_int=\count147
\l_fp_mul_b_vi_int=\count148
\l_fp_mul_output_int=\count149
\l_fp_output_sign_int=\count150
\l_fp_output_integer_int=\count151
\l_fp_output_decimal_int=\count152
\l_fp_output_exponent_int=\count153
\l_fp_output_extended_int=\count154
\l_fp_round_position_int=\count155
\l_fp_round_target_int=\count156
\l_fp_split_sign_int=\count157
\l_fp_internal_int=\count158
\l_fp_trig_octant_int=\count159
\l_fp_trig_sign_int=\count160
\l_fp_trig_decimal_int=\count161
\l_fp_trig_extended_int=\count162
\l_fp_internal_dim=\dimen121
\l_fp_internal_skip=\skip77
)
(E:\CTEX\MiKTeX\tex\latex\l3kernel\l3box.sty
Package: l3box 2012/02/18 v3432 L3 Experimental boxes
\l_tmpb_box=\box27
\l_box_top_dim=\dimen122
\l_box_bottom_dim=\dimen123
\l_box_left_dim=\dimen124
\l_box_right_dim=\dimen125
\l_box_top_new_dim=\dimen126
\l_box_bottom_new_dim=\dimen127
\l_box_left_new_dim=\dimen128
\l_box_right_new_dim=\dimen129
\l_box_internal_box=\box28
)
(E:\CTEX\MiKTeX\tex\latex\l3kernel\l3coffins.sty
Package: l3coffins 2012/02/26 v3460 L3 Experimental coffin code layer
\l_coffin_internal_box=\box29
\l_coffin_internal_dim=\dimen130
\l_coffin_offset_x_dim=\dimen131
\l_coffin_offset_y_dim=\dimen132
\l_coffin_x_dim=\dimen133
\l_coffin_y_dim=\dimen134
\l_coffin_x_prime_dim=\dimen135
\l_coffin_y_prime_dim=\dimen136
\l_coffin_Depth_dim=\dimen137
\l_coffin_Height_dim=\dimen138
\l_coffin_TotalHeight_dim=\dimen139
\l_coffin_Width_dim=\dimen140
\c_empty_coffin=\box30
\l_coffin_aligned_coffin=\box31
\l_coffin_aligned_internal_coffin=\box32
\l_coffin_bounding_shift_dim=\dimen141
\l_coffin_left_corner_dim=\dimen142
\l_coffin_right_corner_dim=\dimen143
\l_coffin_bottom_corner_dim=\dimen144
\l_coffin_top_corner_dim=\dimen145
\l_coffin_scaled_total_height_dim=\dimen146
\l_coffin_scaled_width_dim=\dimen147
\l_coffin_display_coffin=\box33
\l_coffin_display_coord_coffin=\box34
\l_coffin_display_pole_coffin=\box35
\l_coffin_display_offset_dim=\dimen148
\l_coffin_display_x_dim=\dimen149
\l_coffin_display_y_dim=\dimen150
)
(E:\CTEX\MiKTeX\tex\latex\l3kernel\l3color.sty
Package: l3color 2011/09/07 v2776 L3 Experimental colour support
)
(E:\CTEX\MiKTeX\tex\latex\l3kernel\l3luatex.sty
Package: l3luatex 2012/02/09 v3355 L3 Experimental LuaTeX-specific functions
\g_cctab_allocate_int=\count163
\g_cctab_stack_int=\count164
))
(E:\CTEX\MiKTeX\tex\latex\l3packages\xparse\xparse.sty
Package: xparse 2012/02/26 v3471 L3 Experimental document command parser
\l_xparse_current_arg_int=\count165
\l_xparse_m_args_int=\count166
\l_xparse_mandatory_args_int=\count167
\l_xparse_processor_int=\count168
\l_xparse_v_nesting_int=\count169
)
\l_fontspec_script_int=\count170
\l_fontspec_language_int=\count171
\l_fontspec_strnum_int=\count172
\l_fontspec_tmpa_dim=\dimen151
\l_fontspec_tmpb_dim=\dimen152
\l_fontspec_tmpc_dim=\dimen153
Variant \tl_gset:cV already defined; not changing it on line 66

(E:\CTEX\MiKTeX\tex\latex\fontspec\fontspec-patches.sty
Package: fontspec-patches 2011/09/18 v2.2a Advanced font selection for XeLaTeX/
LuaLaTeX

(E:\CTEX\MiKTeX\tex\latex\base\fixltx2e.sty
Package: fixltx2e 2006/09/13 v1.1m fixes to LaTeX
LaTeX Info: Redefining \em on input line 420.
)
LaTeX Info: Redefining \em on input line 22.
LaTeX Info: Redefining \emph on input line 29.
LaTeX Info: Redefining \- on input line 32.

*************************************************
* LaTeX warning: "xparse/redefine-command"
* 
* Redefining document command \oldstylenums with arg. spec. 'm' on line 107.
*************************************************
.................................................
. LaTeX info: "xparse/define-command"
. 
. Defining document command \liningnums with arg. spec. 'm' on line 111.
.................................................
) (E:\CTEX\MiKTeX\tex\latex\fontspec\fontspec-xetex.sty
Package: fontspec-xetex 2011/09/18 v2.2a Advanced font selection for XeLaTeX/Lu
aLaTeX

(E:\CTEX\MiKTeX\tex\latex\base\fontenc.sty
Package: fontenc 2005/09/27 v1.99g Standard LaTeX package

(E:\CTEX\MiKTeX\tex\latex\euenc\eu1enc.def
File: eu1enc.def 2010/05/27 v0.1h Experimental Unicode font encodings
)
LaTeX Font Info:    Try loading font information for EU1+lmr on input line 100.


(E:\CTEX\MiKTeX\tex\latex\euenc\eu1lmr.fd
File: eu1lmr.fd 2009/10/30 v1.6 Font defs for Latin Modern
)
Requested font "[lmroman10-regular]:mapping=tex-text" at 10.0pt
 -> E:/CTEX/MiKTeX/fonts/opentype/public/lm/lmroman10-regular.otf
)
(E:\CTEX\MiKTeX\tex\xelatex\xunicode\xunicode.sty
File: xunicode.sty 2011/09/09 v0.981 provides access to latin accents and many 
other characters in Unicode lower plane

(E:\CTEX\MiKTeX\tex\latex\tipa\t3enc.def
File: t3enc.def 2001/12/31 T3 encoding
Requested font "[lmromanslant10-regular]:mapping=tex-text" at 10.0pt
 -> E:/CTEX/MiKTeX/fonts/opentype/public/lm/lmromanslant10-regular.otf
Requested font "[lmroman10-italic]:mapping=tex-text" at 10.0pt
 -> E:/CTEX/MiKTeX/fonts/opentype/public/lm/lmroman10-italic.otf
Requested font "[lmroman10-bold]:mapping=tex-text" at 10.0pt
 -> E:/CTEX/MiKTeX/fonts/opentype/public/lm/lmroman10-bold.otf
LaTeX Font Info:    Try loading font information for EU1+lmss on input line 357
.

(E:\CTEX\MiKTeX\tex\latex\euenc\eu1lmss.fd
File: eu1lmss.fd 2009/10/30 v1.6 Font defs for Latin Modern
)
Requested font "[lmsans10-regular]:mapping=tex-text" at 10.0pt
 -> E:/CTEX/MiKTeX/fonts/opentype/public/lm/lmsans10-regular.otf
)
\tipaTiiicode=\count173
\tipasavetokens=\toks19
\tipachecktokens=\toks20

(E:\CTEX\MiKTeX\tex\latex\graphics\graphicx.sty
Package: graphicx 1999/02/16 v1.0f Enhanced LaTeX Graphics (DPC,SPQR)
\Gin@req@height=\dimen154
\Gin@req@width=\dimen155
))
.................................................
. LaTeX info: "xparse/define-command"
. 
. Defining document command \fontspec with arg. spec. 'O{}m' on line 39.
.................................................
.................................................
. LaTeX info: "xparse/define-command"
. 
. Defining document command \setmainfont with arg. spec. 'O{}m' on line 43.
.................................................
.................................................
. LaTeX info: "xparse/define-command"
. 
. Defining document command \setsansfont with arg. spec. 'O{}m' on line 47.
.................................................
.................................................
. LaTeX info: "xparse/define-command"
. 
. Defining document command \setmonofont with arg. spec. 'O{}m' on line 51.
.................................................
.................................................
. LaTeX info: "xparse/define-command"
. 
. Defining document command \setmathrm with arg. spec. 'O{}m' on line 59.
.................................................
.................................................
. LaTeX info: "xparse/define-command"
. 
. Defining document command \setboldmathrm with arg. spec. 'O{}m' on line 62.
.................................................
.................................................
. LaTeX info: "xparse/define-command"
. 
. Defining document command \setmathsf with arg. spec. 'O{}m' on line 65.
.................................................
.................................................
. LaTeX info: "xparse/define-command"
. 
. Defining document command \setmathtt with arg. spec. 'O{}m' on line 68.
.................................................
.................................................
. LaTeX info: "xparse/define-command"
. 
. Defining document command \newfontfamily with arg. spec. 'mO{}m' on line 84.
.................................................
.................................................
. LaTeX info: "xparse/define-command"
. 
. Defining document command \newfontface with arg. spec. 'mO{}m' on line 87.
.................................................
.................................................
. LaTeX info: "xparse/define-command"
. 
. Defining document command \defaultfontfeatures with arg. spec. 'm' on line
. 91.
.................................................
.................................................
. LaTeX info: "xparse/define-command"
. 
. Defining document command \addfontfeatures with arg. spec. 'm' on line 107.
.................................................
.................................................
. LaTeX info: "xparse/define-command"
. 
. Defining document command \newfontfeature with arg. spec. 'mm' on line 118.
.................................................
.................................................
. LaTeX info: "xparse/define-command"
. 
. Defining document command \newAATfeature with arg. spec. 'mmmm' on line 125.
.................................................
.................................................
. LaTeX info: "xparse/define-command"
. 
. Defining document command \newICUfeature with arg. spec. 'mmm' on line 132.
.................................................
.................................................
. LaTeX info: "xparse/define-command"
. 
. Defining document command \aliasfontfeature with arg. spec. 'mm' on line
. 159.
.................................................
.................................................
. LaTeX info: "xparse/define-command"
. 
. Defining document command \aliasfontfeatureoption with arg. spec. 'mmm' on
. line 164.
.................................................
.................................................
. LaTeX info: "xparse/define-command"
. 
. Defining document command \newfontscript with arg. spec. 'mm' on line 169.
.................................................
.................................................
. LaTeX info: "xparse/define-command"
. 
. Defining document command \newfontlanguage with arg. spec. 'mm' on line 192.
.................................................
.................................................
. LaTeX info: "xparse/define-command"
. 
. Defining document command \DeclareFontsExtensions with arg. spec. 'm' on
. line 211.
.................................................
Variant \prop_gput:cnV already defined; not changing it on line 485
Variant \prop_gput:cnx already defined; not changing it on line 486
Variant \keys_set:nx already defined; not changing it on line 963
\c@fontspec_tmp_int=\count174
LaTeX Info: Redefining \itshape on input line 1881.
LaTeX Info: Redefining \slshape on input line 1885.
LaTeX Info: Redefining \scshape on input line 1889.
LaTeX Info: Redefining \upshape on input line 1893.

(E:\CTEX\MiKTeX\tex\latex\fontspec\fontspec.cfg)))
(E:\CTEX\MiKTeX\tex\latex\unicode-math\unicode-math.sty
Package: unicode-math 2011/09/19 v0.6a Unicode maths in XeLaTeX and LuaLaTeX

(E:\CTEX\MiKTeX\tex\generic\oberdiek\ifluatex.sty
Package: ifluatex 2010/03/01 v1.3 Provides the ifluatex switch (HO)
Package ifluatex Info: LuaTeX not detected.
)
(E:\CTEX\MiKTeX\tex\latex\l3packages\l3keys2e\l3keys2e.sty
Package: l3keys2e 2012/02/26 v3471 LaTeX2e option processing using LaTeX3 keys
)
(E:\CTEX\MiKTeX\tex\generic\oberdiek\catchfile.sty
Package: catchfile 2011/03/01 v1.6 Catches the contents of a file (HO)

(E:\CTEX\MiKTeX\tex\generic\oberdiek\infwarerr.sty
Package: infwarerr 2010/04/08 v1.3 Providing info/warning/message (HO)
)
(E:\CTEX\MiKTeX\tex\generic\oberdiek\ltxcmds.sty
Package: ltxcmds 2011/04/18 v1.20 LaTeX kernel commands for general use (HO)
)
(E:\CTEX\MiKTeX\tex\generic\oberdiek\etexcmds.sty
Package: etexcmds 2011/02/16 v1.5 Prefix for e-TeX command names (HO)
Package etexcmds Info: Could not find \expanded.
(etexcmds)             That can mean that you are not using pdfTeX 1.50 or
(etexcmds)             that some package has redefined \expanded.
(etexcmds)             In the latter case, load this package earlier.
))
(E:\CTEX\MiKTeX\tex\latex\base\fix-cm.sty
Package: fix-cm 2006/09/13 v1.1m fixes to LaTeX

(E:\CTEX\MiKTeX\tex\latex\base\ts1enc.def
File: ts1enc.def 2001/06/05 v3.0e (jk/car/fm) Standard LaTeX file
))
(E:\CTEX\MiKTeX\tex\latex\filehook\filehook.sty
Package: filehook 2011/10/12 v0.5d Hooks for input files
)
Variant \tl_put_right:cx already defined; not changing it on line 35
Variant \seq_if_in:NVTF already defined; not changing it on line 36
\g_um_fam_int=\count175
.................................................
. LaTeX info: "xparse/define-command"
. 
. Defining document command \unimathsetup with arg. spec. 'm' on line 96.
.................................................

(E:\CTEX\MiKTeX\tex\latex\unicode-math\unicode-math-xetex.sty
.................................................
. LaTeX info: "xparse/define-command"
. 
. Defining document command \setmathfont with arg. spec. 'O{}m' on line 445.
.................................................
.................................................
. LaTeX info: "xparse/define-command"
. 
. Defining document command \resetmathfont with arg. spec. 'O{}m' on line 505.
.................................................
.................................................
. LaTeX info: "xparse/define-command"
. 
. Defining document command \addnolimits with arg. spec. 'm' on line 631.
.................................................
.................................................
. LaTeX info: "xparse/define-command"
. 
. Defining document command \removenolimits with arg. spec. 'm' on line 634.
.................................................

(E:\CTEX\MiKTeX\tex\latex\unicode-math\unicode-math-table.tex)
\g_um_primekern_muskip=\muskip10
\l_um_primecount_int=\count176

*************************************************
* LaTeX warning: "xparse/redefine-command"
* 
* Redefining document command \overbrace with arg. spec. 'm' on line 2307.
*************************************************
.................................................
. LaTeX info: "xparse/define-command"
. 
. Defining document command \overbracket with arg. spec. 'm' on line 2308.
.................................................
.................................................
. LaTeX info: "xparse/define-command"
. 
. Defining document command \overparen with arg. spec. 'm' on line 2309.
.................................................
*************************************************
* LaTeX warning: "xparse/redefine-command"
* 
* Redefining document command \underbrace with arg. spec. 'm' on line 2310.
*************************************************
.................................................
. LaTeX info: "xparse/define-command"
. 
. Defining document command \underbracket with arg. spec. 'm' on line 2311.
.................................................
.................................................
. LaTeX info: "xparse/define-command"
. 
. Defining document command \underparen with arg. spec. 'm' on line 2312.
.................................................
)) (C:\Users\freehyan\Desktop\resume\NEW\fontawesome.sty
Package: fontawesome 2015/11/04 v4.4.0 font awesome icons
Requested font "[fonts/FontAwesome]/ICU" at 10.0pt
 -> C:/Users/freehyan/Desktop/resume/NEW/fonts/FontAwesome.otf
\g_fontspec_family_FontAwesome_int=\count177
)
(E:\CTEX\MiKTeX\tex\latex\ltxmisc\parskip.sty
Package: parskip 2001/04/09 non-zero parskip adjustments
)
(E:\CTEX\MiKTeX\tex\latex\hyperref\hyperref.sty
Package: hyperref 2012/02/06 v6.82o Hypertext links for LaTeX

(E:\CTEX\MiKTeX\tex\generic\oberdiek\hobsub-hyperref.sty
Package: hobsub-hyperref 2011/04/23 v1.4 Bundle oberdiek, subset hyperref (HO)

(E:\CTEX\MiKTeX\tex\generic\oberdiek\hobsub-generic.sty
Package: hobsub-generic 2011/04/23 v1.4 Bundle oberdiek, subset generic (HO)
Package: hobsub 2011/04/23 v1.4 Subsetting bundle oberdiek (HO)
Package hobsub Info: Skipping package `infwarerr' (already loaded).
Package hobsub Info: Skipping package `ltxcmds' (already loaded).
Package hobsub Info: Skipping package `ifluatex' (already loaded).
Package hobsub Info: Skipping package `ifvtex' (already loaded).
Package: intcalc 2007/09/27 v1.1 Expandable integer calculations (HO)
Package hobsub Info: Skipping package `ifpdf' (already loaded).
Package hobsub Info: Skipping package `etexcmds' (already loaded).
Package: kvsetkeys 2011/04/07 v1.13 Key value parser (HO)
Package: kvdefinekeys 2011/04/07 v1.3 Defining keys (HO)
Package: pdftexcmds 2011/04/22 v0.16 Utilities of pdfTeX for LuaTeX (HO)
Package pdftexcmds Info: LuaTeX not detected.
Package pdftexcmds Info: pdfTeX >= 1.30 not detected.
Package pdftexcmds Info: \pdf@primitive is available.
Package pdftexcmds Info: \pdf@ifprimitive is available.
Package pdftexcmds Info: \pdfdraftmode not found.
Package: pdfescape 2011/04/04 v1.12 Provides string conversions (HO)
Package: bigintcalc 2011/01/30 v1.2 Expandable big integer calculations (HO)
Package: bitset 2011/01/30 v1.1 Data type bit set (HO)
Package: uniquecounter 2011/01/30 v1.2 Provides unlimited unique counter (HO)
)
Package hobsub Info: Skipping package `hobsub' (already loaded).
Package: letltxmacro 2010/09/02 v1.4 Let assignment for LaTeX macros (HO)
Package: hopatch 2011/01/30 v1.0 Wrapper for package hooks (HO)
Package: xcolor-patch 2011/01/30 xcolor patch
Package: atveryend 2011/04/23 v1.7 Hooks at very end of document (HO)
Package: atbegshi 2011/01/30 v1.15 At begin shipout hook (HO)
Package: refcount 2010/12/01 v3.2 Data extraction from references (HO)
Package: hycolor 2011/01/30 v1.7 Color options of hyperref/bookmark (HO)
)
(E:\CTEX\MiKTeX\tex\latex\oberdiek\kvoptions.sty
Package: kvoptions 2010/12/23 v3.10 Keyval support for LaTeX options (HO)
)
\@linkdim=\dimen156
\Hy@linkcounter=\count178
\Hy@pagecounter=\count179

(E:\CTEX\MiKTeX\tex\latex\hyperref\pd1enc.def
File: pd1enc.def 2012/02/06 v6.82o Hyperref: PDFDocEncoding definition (HO)
)
\Hy@SavedSpaceFactor=\count180

(E:\CTEX\MiKTeX\tex\latex\00miktex\hyperref.cfg
File: hyperref.cfg 2002/06/06 v1.2 hyperref configuration of TeXLive
)
Package hyperref Info: Hyper figures OFF on input line 4046.
Package hyperref Info: Link nesting OFF on input line 4051.
Package hyperref Info: Hyper index ON on input line 4054.
Package hyperref Info: Plain pages OFF on input line 4061.
Package hyperref Info: Backreferencing OFF on input line 4066.
Package hyperref Info: Implicit mode ON; LaTeX internals redefined.
Package hyperref Info: Bookmarks ON on input line 4284.
\c@Hy@tempcnt=\count181

(E:\CTEX\MiKTeX\tex\xelatex\xetexurl\url.sty
\Urlmuskip=\muskip11
Package: url 2004/03/15  ver 3.1  Verb mode for urls, etc.
)
LaTeX Info: Redefining \url on input line 4637.
\Fld@menulength=\count182
\Field@Width=\dimen157
\Fld@charsize=\dimen158
Package hyperref Info: Hyper figures OFF on input line 5757.
Package hyperref Info: Link nesting OFF on input line 5762.
Package hyperref Info: Hyper index ON on input line 5765.
Package hyperref Info: backreferencing OFF on input line 5772.
Package hyperref Info: Link coloring OFF on input line 5777.
Package hyperref Info: Link coloring with OCG OFF on input line 5782.
Package hyperref Info: PDF/A mode OFF on input line 5787.
LaTeX Info: Redefining \ref on input line 5827.
LaTeX Info: Redefining \pageref on input line 5831.
\Hy@abspage=\count183
\c@Item=\count184
\c@Hfootnote=\count185
)

Package hyperref Message: Driver (autodetected): hxetex.

(E:\CTEX\MiKTeX\tex\latex\hyperref\hxetex.def
File: hxetex.def 2012/02/06 v6.82o Hyperref driver for XeTeX

(E:\CTEX\MiKTeX\tex\latex\hyperref\puenc.def
File: puenc.def 2012/02/06 v6.82o Hyperref: PDF Unicode definition (HO)
)
(E:\CTEX\MiKTeX\tex\generic\oberdiek\stringenc.sty
Package: stringenc 2010/03/01 v1.8 Converts strings between encodings (HO)
)
\pdfm@box=\box36
\c@Hy@AnnotLevel=\count186
\HyField@AnnotCount=\count187
\Fld@listcount=\count188
\c@bookmark@seq@number=\count189

(E:\CTEX\MiKTeX\tex\latex\oberdiek\rerunfilecheck.sty
Package: rerunfilecheck 2011/04/15 v1.7 Rerun checks for auxiliary files (HO)
Package rerunfilecheck Info: Feature \pdfmdfivesum is not available
(rerunfilecheck)             (e.g. pdfTeX or LuaTeX with package `pdftexcmds').

(rerunfilecheck)             Therefore file contents cannot be checked efficien
tly
(rerunfilecheck)             and the loading of the package is aborted.
)
\Hy@SectionHShift=\skip78
)
(E:\CTEX\MiKTeX\tex\generic\oberdiek\se-ascii-print.def
File: se-ascii-print.def 2010/03/01 v1.8 stringenc: Printable ASCII characters
)
\c@colorCounter=\count190
Requested font "[fonts/Roboto-Regular]/ICU" at 10.0pt
 -> C:/Users/freehyan/Desktop/resume/NEW/fonts/Roboto-Regular.ttf
\g_fontspec_family_Roboto_int=\count191
Requested font "[fonts/Roboto-Bold]/ICU" at 10.0pt
 -> C:/Users/freehyan/Desktop/resume/NEW/fonts/Roboto-Bold.ttf
Requested font "[fonts/Roboto-Italic]/ICU" at 10.0pt
 -> C:/Users/freehyan/Desktop/resume/NEW/fonts/Roboto-Italic.ttf
Requested font "[fonts/Roboto-BoldItalic]/ICU" at 10.0pt
 -> C:/Users/freehyan/Desktop/resume/NEW/fonts/Roboto-BoldItalic.ttf
Requested font "[fonts/Roboto-Thin]/ICU" at 10.0pt
 -> C:/Users/freehyan/Desktop/resume/NEW/fonts/Roboto-Thin.ttf
Requested font "[fonts/Roboto-Medium]/ICU" at 10.0pt
 -> C:/Users/freehyan/Desktop/resume/NEW/fonts/Roboto-Medium.ttf
Requested font "[fonts/Roboto-ThinItalic]/ICU" at 10.0pt
 -> C:/Users/freehyan/Desktop/resume/NEW/fonts/Roboto-ThinItalic.ttf
Requested font "[fonts/Roboto-MediumItalic]/ICU" at 10.0pt
 -> C:/Users/freehyan/Desktop/resume/NEW/fonts/Roboto-MediumItalic.ttf
Requested font "[fonts/SourceSansPro-Regular]/ICU" at 10.0pt
 -> C:/Users/freehyan/Desktop/resume/NEW/fonts/SourceSansPro-Regular.otf
\g_fontspec_family_SourceSansPro_int=\count192
Requested font "[fonts/SourceSansPro-Bold]/ICU" at 10.0pt
 -> C:/Users/freehyan/Desktop/resume/NEW/fonts/SourceSansPro-Bold.otf
Requested font "[fonts/SourceSansPro-It]/ICU" at 10.0pt
 -> C:/Users/freehyan/Desktop/resume/NEW/fonts/SourceSansPro-It.otf
Requested font "[fonts/SourceSansPro-BoldIt]/ICU" at 10.0pt
 -> C:/Users/freehyan/Desktop/resume/NEW/fonts/SourceSansPro-BoldIt.otf
Requested font "[fonts/SourceSansPro-Light]/ICU" at 10.0pt
 -> C:/Users/freehyan/Desktop/resume/NEW/fonts/SourceSansPro-Light.otf
Requested font "[fonts/SourceSansPro-Semibold]/ICU" at 10.0pt
 -> C:/Users/freehyan/Desktop/resume/NEW/fonts/SourceSansPro-Semibold.otf
Requested font "[fonts/SourceSansPro-LightIt]/ICU" at 10.0pt
 -> C:/Users/freehyan/Desktop/resume/NEW/fonts/SourceSansPro-LightIt.otf
Requested font "[fonts/SourceSansPro-SemiboldIt]/ICU" at 10.0pt
 -> C:/Users/freehyan/Desktop/resume/NEW/fonts/SourceSansPro-SemiboldIt.otf
)
Requested font "Asana Math/ICU" at 10.0pt
 -> E:/CTEX/MiKTeX/fonts/opentype/public/asana-math/Asana-Math.otf
\g_fontspec_family_Asana Math_int=\count193
Requested font "Asana Math/ICU:script=math;language=DFLT;mapping=tex-text;" at 
10.0pt
 -> E:/CTEX/MiKTeX/fonts/opentype/public/asana-math/Asana-Math.otf
Requested font "Asana Math/ICU:script=math;language=DFLT;" at 10.0pt
 -> E:/CTEX/MiKTeX/fonts/opentype/public/asana-math/Asana-Math.otf
\symum_fam1=\mathgroup4
LaTeX Font Info:    Overwriting symbol font `um_fam1' in version `normal'
(Font)                  EU1/AsanaMath(0)/m/n --> EU1/AsanaMath(0)/m/n on input 
line 28.
LaTeX Font Info:    Encoding `OMS' has changed to `EU1' for symbol font
(Font)              `symbols' in the math version `normal' on input line 28.
LaTeX Font Info:    Overwriting symbol font `symbols' in version `normal'
(Font)                  OMS/cmsy/m/n --> EU1/AsanaMath(1)/m/n on input line 28.

LaTeX Font Info:    Encoding `OMX' has changed to `EU1' for symbol font
(Font)              `largesymbols' in the math version `normal' on input line 2
8.
LaTeX Font Info:    Overwriting symbol font `largesymbols' in version `normal'
(Font)                  OMX/cmex/m/n --> EU1/AsanaMath(2)/m/n on input line 28.


(E:\CTEX\MiKTeX\tex\xelatex\xecjk\xeCJK.sty
Package: xeCJK 2012/01/31 2.4.5 package for typesetting CJK scripts with XeLaTe
X


Package xeCJK Warning: obsolete option 'CJKsetspaces'. It may be removed in the
 future. on input line 69.

(E:\CTEX\MiKTeX\tex\latex\xkeyval\xkeyval.sty
Package: xkeyval 2008/08/13 v2.6a package option processing (HA)

(E:\CTEX\MiKTeX\tex\generic\xkeyval\xkeyval.tex
\XKV@toks=\toks21
\XKV@tempa@toks=\toks22
\XKV@depth=\count194
File: xkeyval.tex 2008/08/13 v2.6a key=value parser (HA)
))
\xeCJK@cnta=\count195
\xeCJK@cntb=\count196
\xeCJK@cntc=\count197
\xeCJK@cntd=\count198
\xeCJK@cnte=\count199
\xeCJK@dima=\dimen159
LaTeX Info: Redefining \normalfont on input line 886.
LaTeX Info: Redefining \rmfamily on input line 895.
LaTeX Info: Redefining \sffamily on input line 899.
LaTeX Info: Redefining \ttfamily on input line 903.
\xeCJK@featureadded=\count200
\g_xecjk_exspace_dim=\dimen160
)
(C:\Users\freehyan\Desktop\resume\NEW\resume_cv.aux)
LaTeX Font Info:    Checking defaults for OML/cmm/m/it on input line 74.
LaTeX Font Info:    ... okay on input line 74.
LaTeX Font Info:    Checking defaults for T1/cmr/m/n on input line 74.
LaTeX Font Info:    ... okay on input line 74.
LaTeX Font Info:    Checking defaults for OT1/cmr/m/n on input line 74.
LaTeX Font Info:    ... okay on input line 74.
LaTeX Font Info:    Checking defaults for OMS/cmsy/m/n on input line 74.
LaTeX Font Info:    ... okay on input line 74.
LaTeX Font Info:    Checking defaults for OMX/cmex/m/n on input line 74.
LaTeX Font Info:    ... okay on input line 74.
LaTeX Font Info:    Checking defaults for U/cmr/m/n on input line 74.
LaTeX Font Info:    ... okay on input line 74.
LaTeX Font Info:    Checking defaults for EU1/lmr/m/n on input line 74.
LaTeX Font Info:    ... okay on input line 74.
LaTeX Font Info:    Checking defaults for T3/cmr/m/n on input line 74.
LaTeX Font Info:    Try loading font information for T3+cmr on input line 74.

(E:\CTEX\MiKTeX\tex\latex\tipa\t3cmr.fd
File: t3cmr.fd 2001/12/31 TIPA font definitions
)
LaTeX Font Info:    ... okay on input line 74.
LaTeX Font Info:    Checking defaults for TS1/cmr/m/n on input line 74.
LaTeX Font Info:    ... okay on input line 74.
LaTeX Font Info:    Checking defaults for PD1/pdf/m/n on input line 74.
LaTeX Font Info:    ... okay on input line 74.
LaTeX Font Info:    Checking defaults for PU/pdf/m/n on input line 74.
LaTeX Font Info:    ... okay on input line 74.
Requested font "[lmroman10-regular]:mapping=tex-text" at 10.95pt
 -> E:/CTEX/MiKTeX/fonts/opentype/public/lm/lmroman10-regular.otf

ABD: EverySelectfont initializing macros

LaTeX Warning: Command \selectfont   has changed.
               Check if current package is valid.

LaTeX Info: Redefining \selectfont on input line 74.
*geometry* detected driver: pdftex
*geometry* verbose mode - [ preamble ] result:
* driver: pdftex
* paper: a4paper
* layout: <same size as paper>
* layoutoffset:(h,v)=(0.0pt,0.0pt)
* modes: 
* h-part:(L,W,R)=(56.9055pt, 483.69687pt, 56.9055pt)
* v-part:(T,H,B)=(14.22636pt, 788.14136pt, 42.67912pt)
* \paperwidth=597.50787pt
* \paperheight=845.04684pt
* \textwidth=483.69687pt
* \textheight=788.14136pt
* \oddsidemargin=-15.36449pt
* \evensidemargin=-15.36449pt
* \topmargin=-95.04362pt
* \headheight=12.0pt
* \headsep=25.0pt
* \topskip=11.0pt
* \footskip=14.22636pt
* \marginparwidth=50.0pt
* \marginparsep=10.0pt
* \columnsep=10.0pt
* \skip\footins=10.0pt plus 4.0pt minus 2.0pt
* \hoffset=0.0pt
* \voffset=0.0pt
* \mag=1000
* \@twocolumnfalse
* \@twosidefalse
* \@mparswitchfalse
* \@reversemarginfalse
* (1in=72.27pt=25.4mm, 1cm=28.453pt)

\AtBeginShipoutBox=\box37
Package hyperref Info: Link coloring OFF on input line 74.
(E:\CTEX\MiKTeX\tex\latex\hyperref\nameref.sty
Package: nameref 2010/04/30 v2.40 Cross-referencing by name of section

(E:\CTEX\MiKTeX\tex\generic\oberdiek\gettitlestring.sty
Package: gettitlestring 2010/12/03 v1.4 Cleanup title references (HO)
)
\c@section@level=\count201
)
LaTeX Info: Redefining \ref on input line 74.
LaTeX Info: Redefining \pageref on input line 74.
LaTeX Info: Redefining \nameref on input line 74.

(C:\Users\freehyan\Desktop\resume\NEW\resume_cv.out)
(C:\Users\freehyan\Desktop\resume\NEW\resume_cv.out)
\@outlinefile=\write3
Requested font "[fonts/Roboto-Thin]/ICU:mapping=tex-text;" at 32.0pt
 -> C:/Users/freehyan/Desktop/resume/NEW/fonts/Roboto-Thin.ttf
Requested font "SimSun" at 32.0pt
 -> E:/CTEX/CTeX/fonts/truetype/chinese/simsun.ttf
Requested font "SimSun/ICU" at 32.0pt
 -> E:/CTEX/CTeX/fonts/truetype/chinese/simsun.ttf
Normal \count register pool exhausted, switching to extended pool.
\g_fontspec_family_SimSun_int=\count277
Requested font "SimHei/ICU" at 32.0pt
 -> C:/WINDOWS/Fonts/simhei.ttf
Requested font "SimSun/ICU:script=latn;language=DFLT;mapping=tex-text;" at 32.0
pt
 -> E:/CTEX/CTeX/fonts/truetype/chinese/simsun.ttf
Requested font "[fonts/Roboto-Regular]/ICU:mapping=tex-text;" at 32.0pt
 -> C:/Users/freehyan/Desktop/resume/NEW/fonts/Roboto-Regular.ttf
Requested font "[fonts/Roboto-Bold]/ICU:mapping=tex-text;" at 32.0pt
 -> C:/Users/freehyan/Desktop/resume/NEW/fonts/Roboto-Bold.ttf
Requested font "SimHei/ICU:script=latn;language=DFLT;mapping=tex-text;" at 32.0
pt
 -> C:/WINDOWS/Fonts/simhei.ttf
Requested font "[fonts/SourceSansPro-Regular]/ICU:script=latn;language=DFLT;map
ping=tex-text;" at 7.6pt
 -> C:/Users/freehyan/Desktop/resume/NEW/fonts/SourceSansPro-Regular.otf
Requested font "[fonts/SourceSansPro-Regular]/ICU:script=latn;language=DFLT;map
ping=tex-text;+smcp;" at 7.6pt
 -> C:/Users/freehyan/Desktop/resume/NEW/fonts/SourceSansPro-Regular.otf
Requested font "SimSun" at 7.6pt
 -> E:/CTEX/CTeX/fonts/truetype/chinese/simsun.ttf
Requested font "SimSun/ICU" at 7.6pt
 -> E:/CTEX/CTeX/fonts/truetype/chinese/simsun.ttf


LaTeX Font Warning: Font shape `EU1/SimSun(0)/m/sc' undefined
(Font)              using `EU1/SimSun(0)/m/n' instead on input line 76.

Requested font "SimSun/ICU:script=latn;language=DFLT;mapping=tex-text;" at 7.6p
t
 -> E:/CTEX/CTeX/fonts/truetype/chinese/simsun.ttf
Requested font "[fonts/Roboto-Regular]/ICU:mapping=tex-text;" at 8.0pt
 -> C:/Users/freehyan/Desktop/resume/NEW/fonts/Roboto-Regular.ttf
Requested font "[fonts/Roboto-Italic]/ICU:mapping=tex-text;" at 8.0pt
 -> C:/Users/freehyan/Desktop/resume/NEW/fonts/Roboto-Italic.ttf
Requested font "SimSun" at 8.0pt
 -> E:/CTEX/CTeX/fonts/truetype/chinese/simsun.ttf
Requested font "SimSun/ICU" at 8.0pt
 -> E:/CTEX/CTeX/fonts/truetype/chinese/simsun.ttf
Requested font "SimSun/ICU:script=latn;language=DFLT;mapping=tex-text;slant=0.1
7;" at 8.0pt
 -> E:/CTEX/CTeX/fonts/truetype/chinese/simsun.ttf
Requested font "[fonts/Roboto-Regular]/ICU:mapping=tex-text;" at 6.8pt
 -> C:/Users/freehyan/Desktop/resume/NEW/fonts/Roboto-Regular.ttf
Requested font "[fonts/FontAwesome]/ICU:mapping=tex-text;" at 6.8pt
 -> C:/Users/freehyan/Desktop/resume/NEW/fonts/FontAwesome.otf
(C:\Users\freehyan\Desktop\resume\NEW\cv-sections/education.tex
Requested font "[fonts/SourceSansPro-Regular]/ICU:script=latn;language=DFLT;map
ping=tex-text;" at 16.0pt
 -> C:/Users/freehyan/Desktop/resume/NEW/fonts/SourceSansPro-Regular.otf
Requested font "[fonts/SourceSansPro-Bold]/ICU:script=latn;language=DFLT;mappin
g=tex-text;" at 16.0pt
 -> C:/Users/freehyan/Desktop/resume/NEW/fonts/SourceSansPro-Bold.otf
Requested font "SimSun" at 16.0pt
 -> E:/CTEX/CTeX/fonts/truetype/chinese/simsun.ttf
Requested font "SimSun/ICU" at 16.0pt
 -> E:/CTEX/CTeX/fonts/truetype/chinese/simsun.ttf
Requested font "SimHei/ICU:script=latn;language=DFLT;mapping=tex-text;" at 16.0
pt
 -> C:/WINDOWS/Fonts/simhei.ttf
Requested font "cmr8" at 8.0pt
 -> cmr8
Requested font "cmr6" at 6.0pt
 -> cmr6
Requested font "cmmi10" at 10.95pt
 -> cmmi10
Requested font "cmmi8" at 8.0pt
 -> cmmi8
Requested font "cmmi6" at 6.0pt
 -> cmmi6
LaTeX Font Info:    Font shape `EU1/AsanaMath(1)/m/n' will be
(Font)              scaled to size 10.95015pt on input line 22.
Requested font "Asana Math/ICU:script=math;language=DFLT;mapping=tex-text;" at 
10.95015pt
 -> E:/CTEX/MiKTeX/fonts/opentype/public/asana-math/Asana-Math.otf
LaTeX Font Info:    Font shape `EU1/AsanaMath(1)/m/n' will be
(Font)              scaled to size 8.00012pt on input line 22.
Requested font "Asana Math/ICU:script=math;language=DFLT;mapping=tex-text;+ssty
=0;" at 8.00012pt
 -> E:/CTEX/MiKTeX/fonts/opentype/public/asana-math/Asana-Math.otf
LaTeX Font Info:    Font shape `EU1/AsanaMath(1)/m/n' will be
(Font)              scaled to size 6.00009pt on input line 22.
Requested font "Asana Math/ICU:script=math;language=DFLT;mapping=tex-text;+ssty
=1;" at 6.00009pt
 -> E:/CTEX/MiKTeX/fonts/opentype/public/asana-math/Asana-Math.otf
LaTeX Font Info:    Font shape `EU1/AsanaMath(2)/m/n' will be
(Font)              scaled to size 10.94983pt on input line 22.
Requested font "Asana Math/ICU:script=math;language=DFLT;mapping=tex-text;" at 
10.94983pt
 -> E:/CTEX/MiKTeX/fonts/opentype/public/asana-math/Asana-Math.otf
LaTeX Font Info:    Font shape `EU1/AsanaMath(2)/m/n' will be
(Font)              scaled to size 7.99988pt on input line 22.
Requested font "Asana Math/ICU:script=math;language=DFLT;mapping=tex-text;+ssty
=0;" at 7.99988pt
 -> E:/CTEX/MiKTeX/fonts/opentype/public/asana-math/Asana-Math.otf
LaTeX Font Info:    Font shape `EU1/AsanaMath(2)/m/n' will be
(Font)              scaled to size 5.99991pt on input line 22.
Requested font "Asana Math/ICU:script=math;language=DFLT;mapping=tex-text;+ssty
=1;" at 5.99991pt
 -> E:/CTEX/MiKTeX/fonts/opentype/public/asana-math/Asana-Math.otf
Requested font "Asana Math/ICU:script=math;language=DFLT;mapping=tex-text;" at 
10.95pt
 -> E:/CTEX/MiKTeX/fonts/opentype/public/asana-math/Asana-Math.otf
Requested font "Asana Math/ICU:script=math;language=DFLT;mapping=tex-text;+ssty
=0;" at 8.0pt
 -> E:/CTEX/MiKTeX/fonts/opentype/public/asana-math/Asana-Math.otf
Requested font "Asana Math/ICU:script=math;language=DFLT;mapping=tex-text;+ssty
=1;" at 6.0pt
 -> E:/CTEX/MiKTeX/fonts/opentype/public/asana-math/Asana-Math.otf
Requested font "[fonts/SourceSansPro-Regular]/ICU:script=latn;language=DFLT;map
ping=tex-text;" at 10.0pt
 -> C:/Users/freehyan/Desktop/resume/NEW/fonts/SourceSansPro-Regular.otf
Requested font "[fonts/SourceSansPro-Bold]/ICU:script=latn;language=DFLT;mappin
g=tex-text;" at 10.0pt
 -> C:/Users/freehyan/Desktop/resume/NEW/fonts/SourceSansPro-Bold.otf
Requested font "SimSun" at 10.0pt
 -> E:/CTEX/CTeX/fonts/truetype/chinese/simsun.ttf
Requested font "SimSun/ICU" at 10.0pt
 -> E:/CTEX/CTeX/fonts/truetype/chinese/simsun.ttf
Requested font "SimHei/ICU:script=latn;language=DFLT;mapping=tex-text;" at 10.0
pt
 -> C:/WINDOWS/Fonts/simhei.ttf
Requested font "[fonts/SourceSansPro-Regular]/ICU:script=latn;language=DFLT;map
ping=tex-text;" at 8.0pt
 -> C:/Users/freehyan/Desktop/resume/NEW/fonts/SourceSansPro-Regular.otf


LaTeX Font Warning: Font shape `EU1/SourceSansPro(1)/m/sl' undefined
(Font)              using `EU1/SourceSansPro(1)/m/n' instead on input line 22.


LaTeX Font Warning: Font shape `EU1/SimSun(0)/m/sl' undefined
(Font)              using `EU1/SimSun(0)/m/n' instead on input line 22.

Requested font "SimSun/ICU:script=latn;language=DFLT;mapping=tex-text;" at 8.0p
t
 -> E:/CTEX/CTeX/fonts/truetype/chinese/simsun.ttf
Requested font "[fonts/SourceSansPro-Light]/ICU:script=latn;language=DFLT;mappi
ng=tex-text;" at 8.0pt
 -> C:/Users/freehyan/Desktop/resume/NEW/fonts/SourceSansPro-Light.otf

LaTeX Font Warning: Font shape `EU1/SourceSansPro(2)/m/sl' undefined
(Font)              using `EU1/SourceSansPro(2)/m/n' instead on input line 22.

) (C:\Users\freehyan\Desktop\resume\NEW\cv-sections/skills.tex
Requested font "[fonts/SourceSansPro-Light]/ICU:script=latn;language=DFLT;mappi
ng=tex-text;" at 9.0pt
 -> C:/Users/freehyan/Desktop/resume/NEW/fonts/SourceSansPro-Light.otf
Requested font "SimSun" at 9.0pt
 -> E:/CTEX/CTeX/fonts/truetype/chinese/simsun.ttf
Requested font "SimSun/ICU" at 9.0pt
 -> E:/CTEX/CTeX/fonts/truetype/chinese/simsun.ttf
Requested font "SimSun/ICU:script=latn;language=DFLT;mapping=tex-text;" at 9.0p
t
 -> E:/CTEX/CTeX/fonts/truetype/chinese/simsun.ttf

Overfull \hbox (5.78572pt too wide) in alignment at lines 11--32
[] [] 
 []

) (C:\Users\freehyan\Desktop\resume\NEW\cv-sections/experience.tex)
(C:\Users\freehyan\Desktop\resume\NEW\cv-sections/extracurricular.tex
Requested font "[fonts/SourceSansPro-Regular]/ICU:script=latn;language=DFLT;map
ping=tex-text;" at 9.0pt
 -> C:/Users/freehyan/Desktop/resume/NEW/fonts/SourceSansPro-Regular.otf
)
(C:\Users\freehyan\Desktop\resume\NEW\cv-sections/honors.tex)
(C:\Users\freehyan\Desktop\resume\NEW\cv-sections/writing.tex)
Package atveryend Info: Empty hook `BeforeClearDocument' on input line 94.
Requested font "[fonts/SourceSansPro-Regular]/ICU:script=latn;language=DFLT;map
ping=tex-text;+smcp;" at 8.0pt
 -> C:/Users/freehyan/Desktop/resume/NEW/fonts/SourceSansPro-Regular.otf
 [1

]
Package atveryend Info: Empty hook `AfterLastShipout' on input line 94.

(C:\Users\freehyan\Desktop\resume\NEW\resume_cv.aux)
Package atveryend Info: Empty hook `AtVeryEndDocument' on input line 94.
Package atveryend Info: Empty hook `AtEndAfterFileList' on input line 94.


LaTeX Font Warning: Some font shapes were not available, defaults substituted.

 ) 
Here is how much of TeX's memory you used:
 26017 strings out of 430478
 477348 string characters out of 3191502
 563183 words of memory out of 3000000
 28828 multiletter control sequences out of 15000+200000
 6887 words of font info for 94 fonts, out of 3000000 for 9000
 14 hyphenation exceptions out of 8191
 46i,11n,46p,857b,363s stack positions out of 5000i,500n,10000p,200000b,50000s

Output written on resume_cv.pdf (1 page).
